2025-07-03T21:34:52.780+09:00  INFO 18916 --- [lingoway-backend] [restartedMain] c.l.lingoway.LingowayBackendApplication  : Starting LingowayBackendApplication using Java 17.0.10 with PID 18916 (C:\dev\workspace\LingoWay\lingoway-backend\build\classes\java\main started by sangc in C:\dev\workspace\LingoWay\lingoway-backend)
2025-07-03T21:34:52.784+09:00  INFO 18916 --- [lingoway-backend] [restartedMain] c.l.lingoway.LingowayBackendApplication  : No active profile set, falling back to 1 default profile: "default"
2025-07-03T21:34:52.859+09:00  INFO 18916 --- [lingoway-backend] [restartedMain] .e.DevToolsPropertyDefaultsPostProcessor : Devtools property defaults active! Set 'spring.devtools.add-properties' to 'false' to disable
2025-07-03T21:34:52.860+09:00  INFO 18916 --- [lingoway-backend] [restartedMain] .e.DevToolsPropertyDefaultsPostProcessor : For additional web related logging consider setting the 'logging.level.web' property to 'DEBUG'
2025-07-03T21:34:53.950+09:00  INFO 18916 --- [lingoway-backend] [restartedMain] .s.d.r.c.RepositoryConfigurationDelegate : Bootstrapping Spring Data JPA repositories in DEFAULT mode.
2025-07-03T21:34:53.976+09:00  INFO 18916 --- [lingoway-backend] [restartedMain] .s.d.r.c.RepositoryConfigurationDelegate : Finished Spring Data repository scanning in 13 ms. Found 0 JPA repository interfaces.
2025-07-03T21:34:54.592+09:00  INFO 18916 --- [lingoway-backend] [restartedMain] o.s.b.w.embedded.tomcat.TomcatWebServer  : Tomcat initialized with port 8080 (http)
2025-07-03T21:34:54.609+09:00  INFO 18916 --- [lingoway-backend] [restartedMain] o.apache.catalina.core.StandardService   : Starting service [Tomcat]
2025-07-03T21:34:54.610+09:00  INFO 18916 --- [lingoway-backend] [restartedMain] o.apache.catalina.core.StandardEngine    : Starting Servlet engine: [Apache Tomcat/10.1.42]
2025-07-03T21:34:54.697+09:00  INFO 18916 --- [lingoway-backend] [restartedMain] o.a.c.c.C.[Tomcat].[localhost].[/]       : Initializing Spring embedded WebApplicationContext
2025-07-03T21:34:54.698+09:00  INFO 18916 --- [lingoway-backend] [restartedMain] w.s.c.ServletWebServerApplicationContext : Root WebApplicationContext: initialization completed in 1837 ms
2025-07-03T21:34:54.904+09:00  INFO 18916 --- [lingoway-backend] [restartedMain] o.hibernate.jpa.internal.util.LogHelper  : HHH000204: Processing PersistenceUnitInfo [name: default]
2025-07-03T21:34:54.976+09:00  INFO 18916 --- [lingoway-backend] [restartedMain] org.hibernate.Version                    : HHH000412: Hibernate ORM core version 6.6.18.Final
2025-07-03T21:34:55.018+09:00  INFO 18916 --- [lingoway-backend] [restartedMain] o.h.c.internal.RegionFactoryInitiator    : HHH000026: Second-level cache disabled
2025-07-03T21:34:55.464+09:00  INFO 18916 --- [lingoway-backend] [restartedMain] o.s.o.j.p.SpringPersistenceUnitInfo      : No LoadTimeWeaver setup: ignoring JPA class transformer
2025-07-03T21:34:55.507+09:00  INFO 18916 --- [lingoway-backend] [restartedMain] com.zaxxer.hikari.HikariDataSource       : HikariPool-1 - Starting...
2025-07-03T21:34:55.638+09:00  INFO 18916 --- [lingoway-backend] [restartedMain] com.zaxxer.hikari.pool.HikariPool        : HikariPool-1 - Added connection org.mariadb.jdbc.Connection@1344751b
2025-07-03T21:34:55.640+09:00  INFO 18916 --- [lingoway-backend] [restartedMain] com.zaxxer.hikari.HikariDataSource       : HikariPool-1 - Start completed.
2025-07-03T21:34:55.673+09:00  WARN 18916 --- [lingoway-backend] [restartedMain] org.hibernate.orm.deprecation            : HHH90000025: MariaDBDialect does not need to be specified explicitly using 'hibernate.dialect' (remove the property setting and it will be selected by default)
2025-07-03T21:34:55.698+09:00  INFO 18916 --- [lingoway-backend] [restartedMain] org.hibernate.orm.connections.pooling    : HHH10001005: Database info:
	Database JDBC URL [Connecting through datasource 'HikariDataSource (HikariPool-1)']
	Database driver: undefined/unknown
	Database version: 11.4
	Autocommit mode: undefined/unknown
	Isolation level: undefined/unknown
	Minimum pool size: undefined/unknown
	Maximum pool size: undefined/unknown
2025-07-03T21:34:56.096+09:00  INFO 18916 --- [lingoway-backend] [restartedMain] o.h.e.t.j.p.i.JtaPlatformInitiator       : HHH000489: No JTA platform available (set 'hibernate.transaction.jta.platform' to enable JTA platform integration)
2025-07-03T21:34:56.102+09:00  INFO 18916 --- [lingoway-backend] [restartedMain] j.LocalContainerEntityManagerFactoryBean : Initialized JPA EntityManagerFactory for persistence unit 'default'
2025-07-03T21:34:56.229+09:00  WARN 18916 --- [lingoway-backend] [restartedMain] JpaBaseConfiguration$JpaWebConfiguration : spring.jpa.open-in-view is enabled by default. Therefore, database queries may be performed during view rendering. Explicitly configure spring.jpa.open-in-view to disable this warning
2025-07-03T21:34:56.288+09:00  INFO 18916 --- [lingoway-backend] [restartedMain] o.s.v.b.OptionalValidatorFactoryBean     : Failed to set up a Bean Validation provider: jakarta.validation.NoProviderFoundException: Unable to create a Configuration, because no Jakarta Bean Validation provider could be found. Add a provider like Hibernate Validator (RI) to your classpath.
2025-07-03T21:34:56.742+09:00  WARN 18916 --- [lingoway-backend] [restartedMain] .s.s.UserDetailsServiceAutoConfiguration : 

Using generated security password: 7ba40951-f34f-4e2e-a748-101df2bd260f

This generated password is for development use only. Your security configuration must be updated before running your application in production.

2025-07-03T21:34:56.752+09:00  INFO 18916 --- [lingoway-backend] [restartedMain] r$InitializeUserDetailsManagerConfigurer : Global AuthenticationManager configured with UserDetailsService bean with name inMemoryUserDetailsManager
2025-07-03T21:34:56.921+09:00  INFO 18916 --- [lingoway-backend] [restartedMain] o.s.b.d.a.OptionalLiveReloadServer       : LiveReload server is running on port 35729
2025-07-03T21:34:56.965+09:00  INFO 18916 --- [lingoway-backend] [restartedMain] o.s.b.w.embedded.tomcat.TomcatWebServer  : Tomcat started on port 8080 (http) with context path '/'
2025-07-03T21:34:56.977+09:00  INFO 18916 --- [lingoway-backend] [restartedMain] c.l.lingoway.LingowayBackendApplication  : Started LingowayBackendApplication in 4.849 seconds (process running for 6.008)
2025-07-03T21:35:15.318+09:00  INFO 18916 --- [lingoway-backend] [http-nio-8080-exec-1] o.a.c.c.C.[Tomcat].[localhost].[/]       : Initializing Spring DispatcherServlet 'dispatcherServlet'
2025-07-03T21:35:15.318+09:00  INFO 18916 --- [lingoway-backend] [http-nio-8080-exec-1] o.s.web.servlet.DispatcherServlet        : Initializing Servlet 'dispatcherServlet'
2025-07-03T21:35:15.320+09:00  INFO 18916 --- [lingoway-backend] [http-nio-8080-exec-1] o.s.web.servlet.DispatcherServlet        : Completed initialization in 2 ms
